2023-09-24T14:35:12.879+09:00  WARN 16264 --- [Test worker] ory$DuplicateJsonObjectContextCustomizer : 

Found multiple occurrences of org.json.JSONObject on the class path:

	jar:file:/C:/Users/JH/.gradle/caches/modules-2/files-2.1/org.json/json/20190722/7bce7bacf0ab5e9f894d307a3de8b7f540064d5/json-20190722.jar!/org/json/JSONObject.class
	jar:file:/C:/Users/JH/.gradle/caches/modules-2/files-2.1/com.vaadin.external.google/android-json/0.0.20131108.vaadin1/fa26d351fe62a6a17f5cda1287c1c6110dec413f/android-json-0.0.20131108.vaadin1.jar!/org/json/JSONObject.class

You may wish to exclude one of them to ensure predictable runtime behavior

2023-09-24T14:35:12.907+09:00  INFO 16264 --- [Test worker] .e.m.MiniprojectDeliveryApplicationTests : Starting MiniprojectDeliveryApplicationTests using Java 17.0.8.1 with PID 16264 (started by JH in E:\2weekPR\Test)
2023-09-24T14:35:12.910+09:00  INFO 16264 --- [Test worker] .e.m.MiniprojectDeliveryApplicationTests : No active profile set, falling back to 1 default profile: "default"
2023-09-24T14:35:15.228+09:00  INFO 16264 --- [Test worker] .s.d.r.c.RepositoryConfigurationDelegate : Multiple Spring Data modules found, entering strict repository configuration mode
2023-09-24T14:35:15.231+09:00  INFO 16264 --- [Test worker] .s.d.r.c.RepositoryConfigurationDelegate : Bootstrapping Spring Data JPA repositories in DEFAULT mode.
2023-09-24T14:35:15.579+09:00  INFO 16264 --- [Test worker] .s.d.r.c.RepositoryConfigurationDelegate : Finished Spring Data repository scanning in 331 ms. Found 5 JPA repository interfaces.
2023-09-24T14:35:15.609+09:00  INFO 16264 --- [Test worker] .s.d.r.c.RepositoryConfigurationDelegate : Multiple Spring Data modules found, entering strict repository configuration mode
2023-09-24T14:35:15.613+09:00  INFO 16264 --- [Test worker] .s.d.r.c.RepositoryConfigurationDelegate : Bootstrapping Spring Data Redis repositories in DEFAULT mode.
2023-09-24T14:35:15.641+09:00  INFO 16264 --- [Test worker] .RepositoryConfigurationExtensionSupport : Spring Data Redis - Could not safely identify store assignment for repository candidate interface com.example.miniprojectdelivery.repository.MenuRepository; If you want this repository to be a Redis repository, consider annotating your entities with one of these annotations: org.springframework.data.redis.core.RedisHash (preferred), or consider extending one of the following types with your repository: org.springframework.data.keyvalue.repository.KeyValueRepository
2023-09-24T14:35:15.644+09:00  INFO 16264 --- [Test worker] .RepositoryConfigurationExtensionSupport : Spring Data Redis - Could not safely identify store assignment for repository candidate interface com.example.miniprojectdelivery.repository.OrderRepository; If you want this repository to be a Redis repository, consider annotating your entities with one of these annotations: org.springframework.data.redis.core.RedisHash (preferred), or consider extending one of the following types with your repository: org.springframework.data.keyvalue.repository.KeyValueRepository
2023-09-24T14:35:15.645+09:00  INFO 16264 --- [Test worker] .RepositoryConfigurationExtensionSupport : Spring Data Redis - Could not safely identify store assignment for repository candidate interface com.example.miniprojectdelivery.repository.RestaurantRepository; If you want this repository to be a Redis repository, consider annotating your entities with one of these annotations: org.springframework.data.redis.core.RedisHash (preferred), or consider extending one of the following types with your repository: org.springframework.data.keyvalue.repository.KeyValueRepository
2023-09-24T14:35:15.648+09:00  INFO 16264 --- [Test worker] .RepositoryConfigurationExtensionSupport : Spring Data Redis - Could not safely identify store assignment for repository candidate interface com.example.miniprojectdelivery.repository.ReviewRepository; If you want this repository to be a Redis repository, consider annotating your entities with one of these annotations: org.springframework.data.redis.core.RedisHash (preferred), or consider extending one of the following types with your repository: org.springframework.data.keyvalue.repository.KeyValueRepository
2023-09-24T14:35:15.649+09:00  INFO 16264 --- [Test worker] .RepositoryConfigurationExtensionSupport : Spring Data Redis - Could not safely identify store assignment for repository candidate interface com.example.miniprojectdelivery.repository.UserRepository; If you want this repository to be a Redis repository, consider annotating your entities with one of these annotations: org.springframework.data.redis.core.RedisHash (preferred), or consider extending one of the following types with your repository: org.springframework.data.keyvalue.repository.KeyValueRepository
2023-09-24T14:35:15.649+09:00  INFO 16264 --- [Test worker] .s.d.r.c.RepositoryConfigurationDelegate : Finished Spring Data repository scanning in 18 ms. Found 0 Redis repository interfaces.
2023-09-24T14:35:16.641+09:00  INFO 16264 --- [Test worker] o.hibernate.jpa.internal.util.LogHelper  : HHH000204: Processing PersistenceUnitInfo [name: default]
2023-09-24T14:35:16.755+09:00  INFO 16264 --- [Test worker] org.hibernate.Version                    : HHH000412: Hibernate ORM core version 6.2.7.Final
2023-09-24T14:35:16.759+09:00  INFO 16264 --- [Test worker] org.hibernate.cfg.Environment            : HHH000406: Using bytecode reflection optimizer
2023-09-24T14:35:17.013+09:00  INFO 16264 --- [Test worker] o.h.b.i.BytecodeProviderInitiator        : HHH000021: Bytecode provider name : bytebuddy
2023-09-24T14:35:17.237+09:00  INFO 16264 --- [Test worker] o.s.o.j.p.SpringPersistenceUnitInfo      : No LoadTimeWeaver setup: ignoring JPA class transformer
2023-09-24T14:35:17.264+09:00  INFO 16264 --- [Test worker] com.zaxxer.hikari.HikariDataSource       : HikariPool-1 - Starting...
2023-09-24T14:35:18.026+09:00  INFO 16264 --- [Test worker] com.zaxxer.hikari.pool.HikariPool        : HikariPool-1 - Added connection com.mysql.cj.jdbc.ConnectionImpl@43778371
2023-09-24T14:35:18.030+09:00  INFO 16264 --- [Test worker] com.zaxxer.hikari.HikariDataSource       : HikariPool-1 - Start completed.
2023-09-24T14:35:18.111+09:00  WARN 16264 --- [Test worker] org.hibernate.orm.deprecation            : HHH90000026: MySQL57Dialect has been deprecated; use org.hibernate.dialect.MySQLDialect instead
2023-09-24T14:35:18.559+09:00  INFO 16264 --- [Test worker] o.h.b.i.BytecodeProviderInitiator        : HHH000021: Bytecode provider name : bytebuddy
2023-09-24T14:35:19.918+09:00  INFO 16264 --- [Test worker] o.h.e.t.j.p.i.JtaPlatformInitiator       : HHH000490: Using JtaPlatform implementation: [org.hibernate.engine.transaction.jta.platform.internal.NoJtaPlatform]
2023-09-24T14:35:20.496+09:00  INFO 16264 --- [Test worker] j.LocalContainerEntityManagerFactoryBean : Initialized JPA EntityManagerFactory for persistence unit 'default'
2023-09-24T14:35:21.658+09:00  INFO 16264 --- [Test worker] o.s.d.j.r.query.QueryEnhancerFactory     : Hibernate is in classpath; If applicable, HQL parser will be used.
2023-09-24T14:35:23.254+09:00  WARN 16264 --- [Test worker] JpaBaseConfiguration$JpaWebConfiguration : spring.jpa.open-in-view is enabled by default. Therefore, database queries may be performed during view rendering. Explicitly configure spring.jpa.open-in-view to disable this warning
2023-09-24T14:35:23.458+09:00  INFO 16264 --- [Test worker] o.s.s.web.DefaultSecurityFilterChain     : Will secure any request with [org.springframework.security.web.session.DisableEncodeUrlFilter@205c0b1a, org.springframework.security.web.context.request.async.WebAsyncManagerIntegrationFilter@339cedbb, org.springframework.security.web.context.SecurityContextHolderFilter@6174ff60, org.springframework.security.web.header.HeaderWriterFilter@1bff70a6, org.springframework.security.web.authentication.logout.LogoutFilter@5acf07e7, com.example.miniprojectdelivery.utill.jwt.JwtAuthorizationFilter@25892fe3, com.example.miniprojectdelivery.utill.jwt.JwtAuthenticationFilter@2ee4c028, org.springframework.security.web.savedrequest.RequestCacheAwareFilter@70921720, org.springframework.security.web.servletapi.SecurityContextHolderAwareRequestFilter@321b2469, org.springframework.security.web.authentication.AnonymousAuthenticationFilter@62f11904, org.springframework.security.web.session.SessionManagementFilter@3d8bf514, org.springframework.security.web.access.ExceptionTranslationFilter@752daa1f, org.springframework.security.web.access.intercept.AuthorizationFilter@4c9bf90b]
2023-09-24T14:35:23.916+09:00  INFO 16264 --- [Test worker] o.s.b.a.w.s.WelcomePageHandlerMapping    : Adding welcome page template: index
2023-09-24T14:35:24.308+09:00  INFO 16264 --- [Test worker] .e.m.MiniprojectDeliveryApplicationTests : Started MiniprojectDeliveryApplicationTests in 12.014 seconds (process running for 14.494)
2023-09-24T14:35:25.424+09:00  INFO 16264 --- [SpringApplicationShutdownHook] j.LocalContainerEntityManagerFactoryBean : Closing JPA EntityManagerFactory for persistence unit 'default'
2023-09-24T14:35:25.426+09:00  INFO 16264 --- [SpringApplicationShutdownHook] com.zaxxer.hikari.HikariDataSource       : HikariPool-1 - Shutdown initiated...
2023-09-24T14:35:25.553+09:00  INFO 16264 --- [SpringApplicationShutdownHook] com.zaxxer.hikari.HikariDataSource       : HikariPool-1 - Shutdown completed.
2023-09-24T16:59:29.229+09:00  WARN 10772 --- [Test worker] ory$DuplicateJsonObjectContextCustomizer : 

Found multiple occurrences of org.json.JSONObject on the class path:

	jar:file:/C:/Users/JH/.gradle/caches/modules-2/files-2.1/org.json/json/20190722/7bce7bacf0ab5e9f894d307a3de8b7f540064d5/json-20190722.jar!/org/json/JSONObject.class
	jar:file:/C:/Users/JH/.gradle/caches/modules-2/files-2.1/com.vaadin.external.google/android-json/0.0.20131108.vaadin1/fa26d351fe62a6a17f5cda1287c1c6110dec413f/android-json-0.0.20131108.vaadin1.jar!/org/json/JSONObject.class

You may wish to exclude one of them to ensure predictable runtime behavior

2023-09-24T16:59:29.280+09:00  INFO 10772 --- [Test worker] .e.m.MiniprojectDeliveryApplicationTests : Starting MiniprojectDeliveryApplicationTests using Java 17.0.8.1 with PID 10772 (started by JH in E:\2weekPR\Test)
2023-09-24T16:59:29.281+09:00  INFO 10772 --- [Test worker] .e.m.MiniprojectDeliveryApplicationTests : No active profile set, falling back to 1 default profile: "default"
2023-09-24T16:59:30.251+09:00  INFO 10772 --- [Test worker] .s.d.r.c.RepositoryConfigurationDelegate : Multiple Spring Data modules found, entering strict repository configuration mode
2023-09-24T16:59:30.253+09:00  INFO 10772 --- [Test worker] .s.d.r.c.RepositoryConfigurationDelegate : Bootstrapping Spring Data JPA repositories in DEFAULT mode.
2023-09-24T16:59:30.449+09:00  INFO 10772 --- [Test worker] .s.d.r.c.RepositoryConfigurationDelegate : Finished Spring Data repository scanning in 186 ms. Found 5 JPA repository interfaces.
2023-09-24T16:59:30.468+09:00  INFO 10772 --- [Test worker] .s.d.r.c.RepositoryConfigurationDelegate : Multiple Spring Data modules found, entering strict repository configuration mode
2023-09-24T16:59:30.470+09:00  INFO 10772 --- [Test worker] .s.d.r.c.RepositoryConfigurationDelegate : Bootstrapping Spring Data Redis repositories in DEFAULT mode.
2023-09-24T16:59:30.486+09:00  INFO 10772 --- [Test worker] .RepositoryConfigurationExtensionSupport : Spring Data Redis - Could not safely identify store assignment for repository candidate interface com.example.miniprojectdelivery.repository.MenuRepository; If you want this repository to be a Redis repository, consider annotating your entities with one of these annotations: org.springframework.data.redis.core.RedisHash (preferred), or consider extending one of the following types with your repository: org.springframework.data.keyvalue.repository.KeyValueRepository
2023-09-24T16:59:30.488+09:00  INFO 10772 --- [Test worker] .RepositoryConfigurationExtensionSupport : Spring Data Redis - Could not safely identify store assignment for repository candidate interface com.example.miniprojectdelivery.repository.OrderRepository; If you want this repository to be a Redis repository, consider annotating your entities with one of these annotations: org.springframework.data.redis.core.RedisHash (preferred), or consider extending one of the following types with your repository: org.springframework.data.keyvalue.repository.KeyValueRepository
2023-09-24T16:59:30.489+09:00  INFO 10772 --- [Test worker] .RepositoryConfigurationExtensionSupport : Spring Data Redis - Could not safely identify store assignment for repository candidate interface com.example.miniprojectdelivery.repository.RestaurantRepository; If you want this repository to be a Redis repository, consider annotating your entities with one of these annotations: org.springframework.data.redis.core.RedisHash (preferred), or consider extending one of the following types with your repository: org.springframework.data.keyvalue.repository.KeyValueRepository
2023-09-24T16:59:30.490+09:00  INFO 10772 --- [Test worker] .RepositoryConfigurationExtensionSupport : Spring Data Redis - Could not safely identify store assignment for repository candidate interface com.example.miniprojectdelivery.repository.ReviewRepository; If you want this repository to be a Redis repository, consider annotating your entities with one of these annotations: org.springframework.data.redis.core.RedisHash (preferred), or consider extending one of the following types with your repository: org.springframework.data.keyvalue.repository.KeyValueRepository
2023-09-24T16:59:30.491+09:00  INFO 10772 --- [Test worker] .RepositoryConfigurationExtensionSupport : Spring Data Redis - Could not safely identify store assignment for repository candidate interface com.example.miniprojectdelivery.repository.UserRepository; If you want this repository to be a Redis repository, consider annotating your entities with one of these annotations: org.springframework.data.redis.core.RedisHash (preferred), or consider extending one of the following types with your repository: org.springframework.data.keyvalue.repository.KeyValueRepository
2023-09-24T16:59:30.491+09:00  INFO 10772 --- [Test worker] .s.d.r.c.RepositoryConfigurationDelegate : Finished Spring Data repository scanning in 10 ms. Found 0 Redis repository interfaces.
2023-09-24T16:59:31.200+09:00  INFO 10772 --- [Test worker] o.hibernate.jpa.internal.util.LogHelper  : HHH000204: Processing PersistenceUnitInfo [name: default]
2023-09-24T16:59:31.263+09:00  INFO 10772 --- [Test worker] org.hibernate.Version                    : HHH000412: Hibernate ORM core version 6.2.7.Final
2023-09-24T16:59:31.266+09:00  INFO 10772 --- [Test worker] org.hibernate.cfg.Environment            : HHH000406: Using bytecode reflection optimizer
2023-09-24T16:59:31.420+09:00  INFO 10772 --- [Test worker] o.h.b.i.BytecodeProviderInitiator        : HHH000021: Bytecode provider name : bytebuddy
2023-09-24T16:59:31.578+09:00  INFO 10772 --- [Test worker] o.s.o.j.p.SpringPersistenceUnitInfo      : No LoadTimeWeaver setup: ignoring JPA class transformer
2023-09-24T16:59:31.600+09:00  INFO 10772 --- [Test worker] com.zaxxer.hikari.HikariDataSource       : HikariPool-1 - Starting...
2023-09-24T16:59:32.169+09:00  INFO 10772 --- [Test worker] com.zaxxer.hikari.pool.HikariPool        : HikariPool-1 - Added connection com.mysql.cj.jdbc.ConnectionImpl@3e2c8ef
2023-09-24T16:59:32.176+09:00  INFO 10772 --- [Test worker] com.zaxxer.hikari.HikariDataSource       : HikariPool-1 - Start completed.
2023-09-24T16:59:32.258+09:00  WARN 10772 --- [Test worker] org.hibernate.orm.deprecation            : HHH90000026: MySQL57Dialect has been deprecated; use org.hibernate.dialect.MySQLDialect instead
2023-09-24T16:59:32.656+09:00  INFO 10772 --- [Test worker] o.h.b.i.BytecodeProviderInitiator        : HHH000021: Bytecode provider name : bytebuddy
2023-09-24T16:59:33.825+09:00  INFO 10772 --- [Test worker] o.h.e.t.j.p.i.JtaPlatformInitiator       : HHH000490: Using JtaPlatform implementation: [org.hibernate.engine.transaction.jta.platform.internal.NoJtaPlatform]
2023-09-24T16:59:37.281+09:00  INFO 10772 --- [Test worker] j.LocalContainerEntityManagerFactoryBean : Initialized JPA EntityManagerFactory for persistence unit 'default'
2023-09-24T16:59:38.341+09:00  INFO 10772 --- [Test worker] o.s.d.j.r.query.QueryEnhancerFactory     : Hibernate is in classpath; If applicable, HQL parser will be used.
2023-09-24T16:59:39.723+09:00  WARN 10772 --- [Test worker] JpaBaseConfiguration$JpaWebConfiguration : spring.jpa.open-in-view is enabled by default. Therefore, database queries may be performed during view rendering. Explicitly configure spring.jpa.open-in-view to disable this warning
2023-09-24T16:59:39.913+09:00  INFO 10772 --- [Test worker] o.s.s.web.DefaultSecurityFilterChain     : Will secure any request with [org.springframework.security.web.session.DisableEncodeUrlFilter@52a42e0f, org.springframework.security.web.context.request.async.WebAsyncManagerIntegrationFilter@32be0ebd, org.springframework.security.web.context.SecurityContextHolderFilter@7de54be7, org.springframework.security.web.header.HeaderWriterFilter@b8812fb, org.springframework.security.web.authentication.logout.LogoutFilter@11fa5334, com.example.miniprojectdelivery.utill.jwt.JwtAuthorizationFilter@3681063, com.example.miniprojectdelivery.utill.jwt.JwtAuthenticationFilter@7064ae69, org.springframework.security.web.savedrequest.RequestCacheAwareFilter@60c5c115, org.springframework.security.web.servletapi.SecurityContextHolderAwareRequestFilter@4f7bc46e, org.springframework.security.web.authentication.AnonymousAuthenticationFilter@6174ff60, org.springframework.security.web.session.SessionManagementFilter@f5a1b27, org.springframework.security.web.access.ExceptionTranslationFilter@3dc455f6, org.springframework.security.web.access.intercept.AuthorizationFilter@1bff70a6]
2023-09-24T16:59:40.364+09:00  INFO 10772 --- [Test worker] o.s.b.a.w.s.WelcomePageHandlerMapping    : Adding welcome page template: index
2023-09-24T16:59:40.748+09:00  INFO 10772 --- [Test worker] .e.m.MiniprojectDeliveryApplicationTests : Started MiniprojectDeliveryApplicationTests in 11.817 seconds (process running for 13.193)
2023-09-24T16:59:42.698+09:00  INFO 10772 --- [SpringApplicationShutdownHook] j.LocalContainerEntityManagerFactoryBean : Closing JPA EntityManagerFactory for persistence unit 'default'
2023-09-24T16:59:42.700+09:00  INFO 10772 --- [SpringApplicationShutdownHook] com.zaxxer.hikari.HikariDataSource       : HikariPool-1 - Shutdown initiated...
2023-09-24T16:59:42.786+09:00  INFO 10772 --- [SpringApplicationShutdownHook] com.zaxxer.hikari.HikariDataSource       : HikariPool-1 - Shutdown completed.
